# JRE version: OpenJDK Runtime Environment Temurin-11.0.12+7 (11.0.12+7) (build 11.0.12+7)
# Java VM: OpenJDK 64-Bit Server VM Temurin-11.0.12+7 (11.0.12+7, mixed mode, tiered, compressed oops, parallel gc, windows-amd64)
Heap:
 PSYoungGen      total 24064K, used 0K [0x00000000eab00000, 0x00000000ec480000, 0x0000000100000000)
  eden space 22016K, 0% used [0x00000000eab00000,0x00000000eab00000,0x00000000ec080000)
  from space 2048K, 0% used [0x00000000ec180000,0x00000000ec180000,0x00000000ec380000)
  to   space 1024K, 0% used [0x00000000ec380000,0x00000000ec380000,0x00000000ec480000)
 ParOldGen       total 68608K, used 24757K [0x00000000c0000000, 0x00000000c4300000, 0x00000000eab00000)
  object space 68608K, 36% used [0x00000000c0000000,0x00000000c182d690,0x00000000c4300000)
 Metaspace       used 33382K, capacity 35331K, committed 35672K, reserved 1081344K
  class space    used 3175K, capacity 3887K, committed 3968K, reserved 1048576K
GC Heap History (20 events):
Event: 5.703 GC heap before
{Heap before GC invocations=8 (full 1):
 PSYoungGen      total 26624K, used 26595K [0x00000000eab00000, 0x00000000eca00000, 0x0000000100000000)
  eden space 24064K, 99% used [0x00000000eab00000,0x00000000ec27fff8,0x00000000ec280000)
  from space 2560K, 98% used [0x00000000ec600000,0x00000000ec878e80,0x00000000ec880000)
  to   space 3584K, 0% used [0x00000000ec280000,0x00000000ec280000,0x00000000ec600000)
 ParOldGen       total 68608K, used 6514K [0x00000000c0000000, 0x00000000c4300000, 0x00000000eab00000)
  object space 68608K, 9% used [0x00000000c0000000,0x00000000c065c958,0x00000000c4300000)
 Metaspace       used 30650K, capacity 32653K, committed 32896K, reserved 1079296K
  class space    used 2949K, capacity 3676K, committed 3712K, reserved 1048576K
}
Event: 5.708 GC heap after
{Heap after GC invocations=8 (full 1):
 PSYoungGen      total 27136K, used 3572K [0x00000000eab00000, 0x00000000ecc00000, 0x0000000100000000)
  eden space 23552K, 0% used [0x00000000eab00000,0x00000000eab00000,0x00000000ec200000)
  from space 3584K, 99% used [0x00000000ec280000,0x00000000ec5fd000,0x00000000ec600000)
  to   space 5120K, 0% used [0x00000000ec700000,0x00000000ec700000,0x00000000ecc00000)
 ParOldGen       total 68608K, used 7258K [0x00000000c0000000, 0x00000000c4300000, 0x00000000eab00000)
  object space 68608K, 10% used [0x00000000c0000000,0x00000000c0716998,0x00000000c4300000)
 Metaspace       used 30650K, capacity 32653K, committed 32896K, reserved 1079296K
  class space    used 2949K, capacity 3676K, committed 3712K, reserved 1048576K
}
Event: 5.840 GC heap before
{Heap before GC invocations=9 (full 1):
 PSYoungGen      total 27136K, used 27124K [0x00000000eab00000, 0x00000000ecc00000, 0x0000000100000000)
  eden space 23552K, 100% used [0x00000000eab00000,0x00000000ec200000,0x00000000ec200000)
  from space 3584K, 99% used [0x00000000ec280000,0x00000000ec5fd000,0x00000000ec600000)
  to   space 5120K, 0% used [0x00000000ec700000,0x00000000ec700000,0x00000000ecc00000)
 ParOldGen       total 68608K, used 7258K [0x00000000c0000000, 0x00000000c4300000, 0x00000000eab00000)
  object space 68608K, 10% used [0x00000000c0000000,0x00000000c0716998,0x00000000c4300000)
 Metaspace       used 31138K, capacity 33099K, committed 33280K, reserved 1079296K
  class space    used 3011K, capacity 3718K, committed 3840K, reserved 1048576K
}
Event: 5.851 GC heap after
{Heap after GC invocations=9 (full 1):
 PSYoungGen      total 27648K, used 5099K [0x00000000eab00000, 0x00000000ecd80000, 0x0000000100000000)
  eden space 22528K, 0% used [0x00000000eab00000,0x00000000eab00000,0x00000000ec100000)
  from space 5120K, 99% used [0x00000000ec700000,0x00000000ecbfaeb0,0x00000000ecc00000)
  to   space 6144K, 0% used [0x00000000ec100000,0x00000000ec100000,0x00000000ec700000)
 ParOldGen       total 68608K, used 7790K [0x00000000c0000000, 0x00000000c4300000, 0x00000000eab00000)
  object space 68608K, 11% used [0x00000000c0000000,0x00000000c079b9e8,0x00000000c4300000)
 Metaspace       used 31138K, capacity 33099K, committed 33280K, reserved 1079296K
  class space    used 3011K, capacity 3718K, committed 3840K, reserved 1048576K
}
Event: 5.923 GC heap before
{Heap before GC invocations=10 (full 1):
 PSYoungGen      total 27648K, used 27627K [0x00000000eab00000, 0x00000000ecd80000, 0x0000000100000000)
  eden space 22528K, 100% used [0x00000000eab00000,0x00000000ec100000,0x00000000ec100000)
  from space 5120K, 99% used [0x00000000ec700000,0x00000000ecbfaeb0,0x00000000ecc00000)
  to   space 6144K, 0% used [0x00000000ec100000,0x00000000ec100000,0x00000000ec700000)
 ParOldGen       total 68608K, used 7790K [0x00000000c0000000, 0x00000000c4300000, 0x00000000eab00000)
  object space 68608K, 11% used [0x00000000c0000000,0x00000000c079b9e8,0x00000000c4300000)
 Metaspace       used 31166K, capacity 33099K, committed 33280K, reserved 1079296K
  class space    used 3011K, capacity 3718K, committed 3840K, reserved 1048576K
}
Event: 5.929 GC heap after
{Heap after GC invocations=10 (full 1):
 PSYoungGen      total 27648K, used 5235K [0x00000000eab00000, 0x00000000ecb80000, 0x0000000100000000)
  eden space 22016K, 0% used [0x00000000eab00000,0x00000000eab00000,0x00000000ec080000)
  from space 5632K, 92% used [0x00000000ec100000,0x00000000ec61cf90,0x00000000ec680000)
  to   space 5120K, 0% used [0x00000000ec680000,0x00000000ec680000,0x00000000ecb80000)
 ParOldGen       total 68608K, used 9731K [0x00000000c0000000, 0x00000000c4300000, 0x00000000eab00000)
  object space 68608K, 14% used [0x00000000c0000000,0x00000000c0980c60,0x00000000c4300000)
 Metaspace       used 31166K, capacity 33099K, committed 33280K, reserved 1079296K
  class space    used 3011K, capacity 3718K, committed 3840K, reserved 1048576K
}
Event: 6.007 GC heap before
{Heap before GC invocations=11 (full 1):
 PSYoungGen      total 27648K, used 26798K [0x00000000eab00000, 0x00000000ecb80000, 0x0000000100000000)
  eden space 22016K, 97% used [0x00000000eab00000,0x00000000ec00eb18,0x00000000ec080000)
  from space 5632K, 92% used [0x00000000ec100000,0x00000000ec61cf90,0x00000000ec680000)
  to   space 5120K, 0% used [0x00000000ec680000,0x00000000ec680000,0x00000000ecb80000)
 ParOldGen       total 68608K, used 9731K [0x00000000c0000000, 0x00000000c4300000, 0x00000000eab00000)
  object space 68608K, 14% used [0x00000000c0000000,0x00000000c0980c60,0x00000000c4300000)
 Metaspace       used 31369K, capacity 33355K, committed 33536K, reserved 1079296K
  class space    used 3024K, capacity 3718K, committed 3840K, reserved 1048576K
}
Event: 6.014 GC heap after
{Heap after GC invocations=11 (full 1):
 PSYoungGen      total 26112K, used 4032K [0x00000000eab00000, 0x00000000eca80000, 0x0000000100000000)
  eden space 22016K, 0% used [0x00000000eab00000,0x00000000eab00000,0x00000000ec080000)
  from space 4096K, 98% used [0x00000000ec680000,0x00000000eca70010,0x00000000eca80000)
  to   space 4608K, 0% used [0x00000000ec180000,0x00000000ec180000,0x00000000ec600000)
 ParOldGen       total 68608K, used 12865K [0x00000000c0000000, 0x00000000c4300000, 0x00000000eab00000)
  object space 68608K, 18% used [0x00000000c0000000,0x00000000c0c904a0,0x00000000c4300000)
 Metaspace       used 31369K, capacity 33355K, committed 33536K, reserved 1079296K
  class space    used 3024K, capacity 3718K, committed 3840K, reserved 1048576K
}
Event: 6.065 GC heap before
{Heap before GC invocations=12 (full 1):
 PSYoungGen      total 26112K, used 26048K [0x00000000eab00000, 0x00000000eca80000, 0x0000000100000000)
  eden space 22016K, 100% used [0x00000000eab00000,0x00000000ec080000,0x00000000ec080000)
  from space 4096K, 98% used [0x00000000ec680000,0x00000000eca70010,0x00000000eca80000)
  to   space 4608K, 0% used [0x00000000ec180000,0x00000000ec180000,0x00000000ec600000)
 ParOldGen       total 68608K, used 12865K [0x00000000c0000000, 0x00000000c4300000, 0x00000000eab00000)
  object space 68608K, 18% used [0x00000000c0000000,0x00000000c0c904a0,0x00000000c4300000)
 Metaspace       used 31369K, capacity 33355K, committed 33536K, reserved 1079296K
  class space    used 3024K, capacity 3718K, committed 3840K, reserved 1048576K
}
Event: 6.071 GC heap after
{Heap after GC invocations=12 (full 1):
 PSYoungGen      total 25088K, used 2624K [0x00000000eab00000, 0x00000000ec780000, 0x0000000100000000)
  eden space 22016K, 0% used [0x00000000eab00000,0x00000000eab00000,0x00000000ec080000)
  from space 3072K, 85% used [0x00000000ec180000,0x00000000ec410010,0x00000000ec480000)
  to   space 3072K, 0% used [0x00000000ec480000,0x00000000ec480000,0x00000000ec780000)
 ParOldGen       total 68608K, used 16847K [0x00000000c0000000, 0x00000000c4300000, 0x00000000eab00000)
  object space 68608K, 24% used [0x00000000c0000000,0x00000000c1073d90,0x00000000c4300000)
 Metaspace       used 31369K, capacity 33355K, committed 33536K, reserved 1079296K
  class space    used 3024K, capacity 3718K, committed 3840K, reserved 1048576K
}
Event: 6.116 GC heap before
{Heap before GC invocations=13 (full 1):
 PSYoungGen      total 25088K, used 24640K [0x00000000eab00000, 0x00000000ec780000, 0x0000000100000000)
  eden space 22016K, 100% used [0x00000000eab00000,0x00000000ec080000,0x00000000ec080000)
  from space 3072K, 85% used [0x00000000ec180000,0x00000000ec410010,0x00000000ec480000)
  to   space 3072K, 0% used [0x00000000ec480000,0x00000000ec480000,0x00000000ec780000)
 ParOldGen       total 68608K, used 16847K [0x00000000c0000000, 0x00000000c4300000, 0x00000000eab00000)
  object space 68608K, 24% used [0x00000000c0000000,0x00000000c1073d90,0x00000000c4300000)
 Metaspace       used 31369K, capacity 33355K, committed 33536K, reserved 1079296K
  class space    used 3024K, capacity 3718K, committed 3840K, reserved 1048576K
}
Event: 6.120 GC heap after
{Heap after GC invocations=13 (full 1):
 PSYoungGen      total 25088K, used 2560K [0x00000000eab00000, 0x00000000ec780000, 0x0000000100000000)
  eden space 22016K, 0% used [0x00000000eab00000,0x00000000eab00000,0x00000000ec080000)
  from space 3072K, 83% used [0x00000000ec480000,0x00000000ec700010,0x00000000ec780000)
  to   space 3072K, 0% used [0x00000000ec180000,0x00000000ec180000,0x00000000ec480000)
 ParOldGen       total 68608K, used 19439K [0x00000000c0000000, 0x00000000c4300000, 0x00000000eab00000)
  object space 68608K, 28% used [0x00000000c0000000,0x00000000c12fbda0,0x00000000c4300000)
 Metaspace       used 31369K, capacity 33355K, committed 33536K, reserved 1079296K
  class space    used 3024K, capacity 3718K, committed 3840K, reserved 1048576K
}
Event: 6.187 GC heap before
{Heap before GC invocations=14 (full 1):
 PSYoungGen      total 25088K, used 24576K [0x00000000eab00000, 0x00000000ec780000, 0x0000000100000000)
  eden space 22016K, 100% used [0x00000000eab00000,0x00000000ec080000,0x00000000ec080000)
  from space 3072K, 83% used [0x00000000ec480000,0x00000000ec700010,0x00000000ec780000)
  to   space 3072K, 0% used [0x00000000ec180000,0x00000000ec180000,0x00000000ec480000)
 ParOldGen       total 68608K, used 19439K [0x00000000c0000000, 0x00000000c4300000, 0x00000000eab00000)
  object space 68608K, 28% used [0x00000000c0000000,0x00000000c12fbda0,0x00000000c4300000)
 Metaspace       used 31441K, capacity 33461K, committed 33792K, reserved 1079296K
  class space    used 3032K, capacity 3753K, committed 3840K, reserved 1048576K
}
Event: 6.195 GC heap after
{Heap after GC invocations=14 (full 1):
 PSYoungGen      total 24576K, used 2432K [0x00000000eab00000, 0x00000000ec580000, 0x0000000100000000)
  eden space 22016K, 0% used [0x00000000eab00000,0x00000000eab00000,0x00000000ec080000)
  from space 2560K, 95% used [0x00000000ec180000,0x00000000ec3e0000,0x00000000ec400000)
  to   space 1536K, 0% used [0x00000000ec400000,0x00000000ec400000,0x00000000ec580000)
 ParOldGen       total 68608K, used 21933K [0x00000000c0000000, 0x00000000c4300000, 0x00000000eab00000)
  object space 68608K, 31% used [0x00000000c0000000,0x00000000c156b630,0x00000000c4300000)
 Metaspace       used 31441K, capacity 33461K, committed 33792K, reserved 1079296K
  class space    used 3032K, capacity 3753K, committed 3840K, reserved 1048576K
}
Event: 6.539 GC heap before
{Heap before GC invocations=15 (full 1):
 PSYoungGen      total 24576K, used 24448K [0x00000000eab00000, 0x00000000ec580000, 0x0000000100000000)
  eden space 22016K, 100% used [0x00000000eab00000,0x00000000ec080000,0x00000000ec080000)
  from space 2560K, 95% used [0x00000000ec180000,0x00000000ec3e0000,0x00000000ec400000)
  to   space 1536K, 0% used [0x00000000ec400000,0x00000000ec400000,0x00000000ec580000)
 ParOldGen       total 68608K, used 21933K [0x00000000c0000000, 0x00000000c4300000, 0x00000000eab00000)
  object space 68608K, 31% used [0x00000000c0000000,0x00000000c156b630,0x00000000c4300000)
 Metaspace       used 33154K, capacity 35075K, committed 35200K, reserved 1081344K
  class space    used 3152K, capacity 3887K, committed 3968K, reserved 1048576K
}
Event: 6.553 GC heap after
{Heap after GC invocations=15 (full 1):
 PSYoungGen      total 23552K, used 1110K [0x00000000eab00000, 0x00000000ec580000, 0x0000000100000000)
  eden space 22016K, 0% used [0x00000000eab00000,0x00000000eab00000,0x00000000ec080000)
  from space 1536K, 72% used [0x00000000ec400000,0x00000000ec515ba0,0x00000000ec580000)
  to   space 2048K, 0% used [0x00000000ec180000,0x00000000ec180000,0x00000000ec380000)
 ParOldGen       total 68608K, used 24365K [0x00000000c0000000, 0x00000000c4300000, 0x00000000eab00000)
  object space 68608K, 35% used [0x00000000c0000000,0x00000000c17cb630,0x00000000c4300000)
 Metaspace       used 33154K, capacity 35075K, committed 35200K, reserved 1081344K
  class space    used 3152K, capacity 3887K, committed 3968K, reserved 1048576K
}
Event: 6.584 GC heap before
{Heap before GC invocations=16 (full 1):
 PSYoungGen      total 23552K, used 2119K [0x00000000eab00000, 0x00000000ec580000, 0x0000000100000000)
  eden space 22016K, 4% used [0x00000000eab00000,0x00000000eabfc380,0x00000000ec080000)
  from space 1536K, 72% used [0x00000000ec400000,0x00000000ec515ba0,0x00000000ec580000)
  to   space 2048K, 0% used [0x00000000ec180000,0x00000000ec180000,0x00000000ec380000)
 ParOldGen       total 68608K, used 24365K [0x00000000c0000000, 0x00000000c4300000, 0x00000000eab00000)
  object space 68608K, 35% used [0x00000000c0000000,0x00000000c17cb630,0x00000000c4300000)
 Metaspace       used 33360K, capacity 35267K, committed 35416K, reserved 1081344K
  class space    used 3175K, capacity 3887K, committed 3968K, reserved 1048576K
}
Event: 6.590 GC heap after
{Heap after GC invocations=16 (full 1):
 PSYoungGen      total 24064K, used 96K [0x00000000eab00000, 0x00000000ec480000, 0x0000000100000000)
  eden space 22016K, 0% used [0x00000000eab00000,0x00000000eab00000,0x00000000ec080000)
  from space 2048K, 4% used [0x00000000ec180000,0x00000000ec198000,0x00000000ec380000)
  to   space 1024K, 0% used [0x00000000ec380000,0x00000000ec380000,0x00000000ec480000)
 ParOldGen       total 68608K, used 25395K [0x00000000c0000000, 0x00000000c4300000, 0x00000000eab00000)
  object space 68608K, 37% used [0x00000000c0000000,0x00000000c18cce60,0x00000000c4300000)
 Metaspace       used 33360K, capacity 35267K, committed 35416K, reserved 1081344K
  class space    used 3175K, capacity 3887K, committed 3968K, reserved 1048576K
}
Event: 6.590 GC heap before
{Heap before GC invocations=17 (full 2):
 PSYoungGen      total 24064K, used 96K [0x00000000eab00000, 0x00000000ec480000, 0x0000000100000000)
  eden space 22016K, 0% used [0x00000000eab00000,0x00000000eab00000,0x00000000ec080000)
  from space 2048K, 4% used [0x00000000ec180000,0x00000000ec198000,0x00000000ec380000)
  to   space 1024K, 0% used [0x00000000ec380000,0x00000000ec380000,0x00000000ec480000)
 ParOldGen       total 68608K, used 25395K [0x00000000c0000000, 0x00000000c4300000, 0x00000000eab00000)
  object space 68608K, 37% used [0x00000000c0000000,0x00000000c18cce60,0x00000000c4300000)
 Metaspace       used 33360K, capacity 35267K, committed 35416K, reserved 1081344K
  class space    used 3175K, capacity 3887K, committed 3968K, reserved 1048576K
}
Event: 6.873 GC heap after
{Heap after GC invocations=17 (full 2):
 PSYoungGen      total 24064K, used 0K [0x00000000eab00000, 0x00000000ec480000, 0x0000000100000000)
  eden space 22016K, 0% used [0x00000000eab00000,0x00000000eab00000,0x00000000ec080000)
  from space 2048K, 0% used [0x00000000ec180000,0x00000000ec180000,0x00000000ec380000)
  to   space 1024K, 0% used [0x00000000ec380000,0x00000000ec380000,0x00000000ec480000)
 ParOldGen       total 68608K, used 24757K [0x00000000c0000000, 0x00000000c4300000, 0x00000000eab00000)
  object space 68608K, 36% used [0x00000000c0000000,0x00000000c182d690,0x00000000c4300000)
 Metaspace       used 33360K, capacity 35267K, committed 35416K, reserved 1081344K
  class space    used 3175K, capacity 3887K, committed 3968K, reserved 1048576K
}

